[2026-03-09 07:03:40] WATCHDOG: server_sql.exe is DOWN - restarting 
[2026-03-09 07:03:40] WATCHDOG: server_sql.exe restarted OK 
[2026-03-09 07:16:44] WATCHDOG: server_sql.exe is DOWN - restarting 
[2026-03-09 07:16:44] WATCHDOG: server_sql.exe restarted OK 
[2026-03-09 08:15:34] WATCHDOG: server_sql.exe is DOWN - restarting 
[2026-03-09 08:15:34] WATCHDOG: server_sql.exe restarted OK 
[2026-03-09 08:27:38] WATCHDOG: server_sql.exe is DOWN - restarting 
[2026-03-09 08:27:38] WATCHDOG: server_sql.exe restarted OK 
[2026-03-09 08:29:42] WATCHDOG: server_sql.exe is DOWN - restarting 
[2026-03-09 08:29:42] WATCHDOG: server_sql.exe restarted OK 
[2026-03-09 19:09:46] WATCHDOG: server_sql.exe is DOWN - restarting 
[2026-03-09 19:09:46] WATCHDOG: server_sql.exe restarted OK 
[2026-03-09 19:25:13] WATCHDOG: server_sql.exe is DOWN - restarting 
[2026-03-09 19:25:13] WATCHDOG: server_sql.exe restarted OK 
[2026-03-09 19:29:48] WATCHDOG: server_sql.exe is DOWN - restarting 
[2026-03-09 19:29:48] WATCHDOG: server_sql.exe restarted OK 
[2026-03-09 19:34:17] WATCHDOG: server_sql.exe is DOWN - restarting 
[2026-03-09 19:34:17] WATCHDOG: server_sql.exe restarted OK 
[2026-03-09 19:35:21] WATCHDOG: server_sql.exe is DOWN - restarting 
[2026-03-09 19:35:21] WATCHDOG: server_sql.exe restarted OK 
[2026-03-09 19:37:50] WATCHDOG: server_sql.exe is DOWN - restarting 
[2026-03-09 19:37:50] WATCHDOG: server_sql.exe restarted OK 
[2026-03-09 19:43:25] WATCHDOG: server_sql.exe is DOWN - restarting 
[2026-03-09 19:43:25] WATCHDOG: server_sql.exe restarted OK 
[2026-03-09 19:51:29] WATCHDOG: server_sql.exe is DOWN - restarting 
[2026-03-09 19:51:29] WATCHDOG: server_sql.exe restarted OK 
[2026-03-09 20:07:33] WATCHDOG: server_sql.exe is DOWN - restarting 
[2026-03-09 20:07:33] WATCHDOG: server_sql.exe restarted OK 
[2026-03-09 22:06:37] WATCHDOG: server_sql.exe is DOWN - restarting 
[2026-03-09 22:06:37] WATCHDOG: server_sql.exe restarted OK 
[2026-03-10 06:35:52] WATCHDOG: server_sql.exe is DOWN - restarting 
[2026-03-10 06:35:54] WATCHDOG: server_sql.exe is DOWN - restarting 
[2026-03-10 06:35:52] WATCHDOG: server_sql.exe FAILED to restart 
[2026-03-10 06:35:52] WATCHDOG: ngrok.exe is DOWN - restarting 
[2026-03-10 06:35:54] WATCHDOG: server_sql.exe restarted OK 
[2026-03-10 06:35:54] WATCHDOG: ngrok.exe is DOWN - restarting 
[2026-03-10 06:35:52] WATCHDOG: ngrok.exe restarted OK 
[2026-03-10 06:35:54] WATCHDOG: ngrok.exe restarted OK 
[2026-03-10 21:22:00] WATCHDOG: server_sql.exe is DOWN - restarting 
[2026-03-10 21:22:00] WATCHDOG: server_sql.exe restarted OK 
[2026-03-10 21:22:00] WATCHDOG: ngrok.exe is DOWN - restarting 
[2026-03-10 21:22:00] WATCHDOG: ngrok.exe restarted OK 
[2026-03-13 08:29:19] WATCHDOG: server_sql.exe is DOWN - restarting 
[2026-03-13 08:29:19] WATCHDOG: server_sql.exe restarted OK 
[2026-03-13 08:29:19] WATCHDOG: ngrok.exe is DOWN - restarting 
[2026-03-13 08:29:19] WATCHDOG: ngrok.exe restarted OK 
[2026-03-14 11:19:20] WATCHDOG: server_sql.exe is DOWN - restarting 
[2026-03-14 11:19:20] WATCHDOG: server_sql.exe restarted OK 
[2026-03-14 11:19:20] WATCHDOG: ngrok.exe is DOWN - restarting 
[2026-03-14 11:19:20] WATCHDOG: ngrok.exe restarted OK 
